2025-05-13 15:40:47 [info]: 收到请求
{
  "method": "POST",
  "url": "/admin/login",
  "headers": {
    "host": "localhost:3000",
    "connection": "keep-alive",
    "content-length": "51",
    "sec-ch-ua-platform": "\"Windows\"",
    "user-agent": "Mozilla/5.0 (Windows NT 10.0; Win64; x64) AppleWebKit/537.36 (KHTML, like Gecko) Chrome/136.0.0.0 Safari/537.36 Edg/136.0.0.0",
    "accept": "application/json",
    "sec-ch-ua": "\"Chromium\";v=\"136\", \"Microsoft Edge\";v=\"136\", \"Not.A/Brand\";v=\"99\"",
    "content-type": "application/json",
    "sec-ch-ua-mobile": "?0",
    "origin": "http://127.0.0.1:3000",
    "sec-fetch-site": "cross-site",
    "sec-fetch-mode": "cors",
    "sec-fetch-dest": "empty",
    "referer": "http://127.0.0.1:3000/",
    "accept-encoding": "gzip, deflate, br, zstd",
    "accept-language": "en-US,en;q=0.9,zh-CN;q=0.8,zh;q=0.7,en-GB;q=0.6"
  }
}
